<?xml version="1.0" encoding="UTF-8"?>
<!-- Generated by org.testng.reporters.JUnitReportReporter -->
<testsuite hostname="DESKTOP-H3MS5D5" failures="0" tests="1" name="test.LoginTest" time="1.634" errors="0" timestamp="26 Jun 2022 18:12:39 GMT" skipped="0">
  <testcase classname="test.LoginTest" name="validUserShouldBeAbleToLogin" time="1.634"/>
</testsuite> <!-- test.LoginTest -->
